<?xml version="1.0" encoding="UTF-8"?>
<!-- Generated by org.testng.reporters.JUnitReportReporter -->
<testsuite hostname="XAV-502000187" failures="0" tests="1" name="rrahulshettyacademy.Mavenjava.RestAPI" time="0.007" errors="0" timestamp="2021-03-24T23:04:38 IST" skipped="0">
  <testcase classname="rrahulshettyacademy.Mavenjava.RestAPI" name="PostJIRA" time="0.007"/>
  <system-out/>
</testsuite> <!-- rrahulshettyacademy.Mavenjava.RestAPI -->
