<?xml version="1.0" encoding="UTF-8"?>
<!-- Generated by org.testng.reporters.JUnitReportReporter -->
<testsuite hostname="XAV-502000187" failures="0" tests="2" name="Basic.Day3" time="0.001" errors="0" timestamp="2021-03-23T17:18:41 IST" skipped="0">
  <testcase classname="Basic.Day3" name="WebLogin" time="0.001"/>
  <system-out/>
  <testcase classname="Basic.Day3" name="APILogin" time="0.000"/>
  <system-out/>
</testsuite> <!-- Basic.Day3 -->
